<?xml version="1.0" encoding="UTF-8"?>
<!-- Generated by org.testng.reporters.JUnitXMLReporter -->
<testsuite hostname="LTIN175600" ignored="0" name="Default test" tests="2" failures="0" timestamp="2021-06-25T23:09:08 IST" time="6.857" errors="0">
  <testcase name="deleteRequestexample" time="5.443" classname="com.learn.rest_assured_learning.SamplePUTRequest"/>
  <testcase name="putrequestexample" time="1.352" classname="com.learn.rest_assured_learning.SamplePUTRequest"/>
</testsuite> <!-- Default test -->
