<?xml version="1.0" encoding="UTF-8"?>
<testng-results skipped="0" failed="0" ignored="0" total="1" passed="1">
  <reporter-output>
  </reporter-output>
  <suite name="Default suite" duration-ms="5255" started-at="2021-06-25T21:55:03 IST" finished-at="2021-06-25T21:55:08 IST">
    <groups>
    </groups>
    <test name="Default test" duration-ms="5255" started-at="2021-06-25T21:55:03 IST" finished-at="2021-06-25T21:55:08 IST">
      <class name="com.learn.rest_assured_learning.Sample_Reqres">
        <test-method status="PASS" signature="getRequestExample()[pri:0, instance:com.learn.rest_assured_learning.Sample_Reqres@1dfe2924]" name="getRequestExample" duration-ms="5162" started-at="2021-06-25T21:55:03 IST" finished-at="2021-06-25T21:55:08 IST">
          <reporter-output>
          </reporter-output>
        </test-method> <!-- getRequestExample -->
      </class> <!-- com.learn.rest_assured_learning.Sample_Reqres -->
    </test> <!-- Default test -->
  </suite> <!-- Default suite -->
</testng-results>
