<?xml version="1.0" encoding="UTF-8"?>
<testng-results skipped="0" failed="0" ignored="0" total="2" passed="2">
  <reporter-output>
  </reporter-output>
  <suite name="Default suite" duration-ms="6857" started-at="2021-06-25T23:09:01 IST" finished-at="2021-06-25T23:09:08 IST">
    <groups>
    </groups>
    <test name="Default test" duration-ms="6857" started-at="2021-06-25T23:09:01 IST" finished-at="2021-06-25T23:09:08 IST">
      <class name="com.learn.rest_assured_learning.SamplePUTRequest">
        <test-method status="PASS" signature="deleteRequestexample()[pri:0, instance:com.learn.rest_assured_learning.SamplePUTRequest@32709393]" name="deleteRequestexample" duration-ms="5443" started-at="2021-06-25T23:09:01 IST" finished-at="2021-06-25T23:09:06 IST">
          <reporter-output>
          </reporter-output>
        </test-method> <!-- deleteRequestexample -->
        <test-method status="PASS" signature="putrequestexample()[pri:0, instance:com.learn.rest_assured_learning.SamplePUTRequest@32709393]" name="putrequestexample" duration-ms="1352" started-at="2021-06-25T23:09:06 IST" finished-at="2021-06-25T23:09:08 IST">
          <reporter-output>
          </reporter-output>
        </test-method> <!-- putrequestexample -->
      </class> <!-- com.learn.rest_assured_learning.SamplePUTRequest -->
    </test> <!-- Default test -->
  </suite> <!-- Default suite -->
</testng-results>
